[INFO] Scanning for projects...
[INFO] Searching repository for plugin with prefix: 'dependency'.
[INFO] ------------------------------------------------------------------------
[INFO] Building Maven Plugin for Play! Framework Japid Module
[INFO]    task-segment: [dependency:tree]
[INFO] ------------------------------------------------------------------------
[INFO] [dependency:tree {execution: default-cli}]
[INFO] com.google.code.maven-play-plugin:play-japid-maven-plugin:maven-plugin:0.9.3.4-SNAPSHOT
[INFO] +- com.google.code.maven-play-plugin.org.playframework:play:jar:1.2.4:runtime
[INFO] |  +- asm:asm-all:jar:3.3.1:runtime
[INFO] |  +- c3p0:c3p0:jar:0.9.1.2:runtime
[INFO] |  +- cglib:cglib-nodep:jar:2.2:runtime
[INFO] |  +- com.google.code.gson:gson:jar:1.7.1:runtime
[INFO] |  +- com.h2database:h2:jar:1.3.149:runtime
[INFO] |  +- com.ning:async-http-client:jar:1.6.5:runtime
[INFO] |  +- com.thoughtworks.xstream:xstream:jar:1.3:runtime
[INFO] |  +- commons-beanutils:commons-beanutils:jar:1.8.3:runtime
[INFO] |  +- commons-codec:commons-codec:jar:1.4:runtime
[INFO] |  +- commons-collections:commons-collections:jar:3.2.1:runtime
[INFO] |  +- org.apache.commons:commons-email:jar:1.2:runtime
[INFO] |  +- commons-fileupload:commons-fileupload:jar:1.2.2:runtime
[INFO] |  +- commons-io:commons-io:jar:2.0.1:runtime
[INFO] |  +- commons-lang:commons-lang:jar:2.6:runtime
[INFO] |  +- commons-logging:commons-logging:jar:1.1.1:runtime
[INFO] |  +- dom4j:dom4j:jar:1.6.1:runtime
[INFO] |  +- javassist:javassist:jar:3.9.0.GA:runtime
[INFO] |  +- javax.activation:activation:jar:1.1.1:runtime
[INFO] |  +- javax.inject:javax.inject:jar:1:runtime
[INFO] |  +- javax.mail:mail:jar:1.4.3:runtime
[INFO] |  +- jaxen:jaxen:jar:1.1:runtime
[INFO] |  +- joda-time:joda-time:jar:2.0:runtime
[INFO] |  +- log4j:log4j:jar:1.2.16:runtime
[INFO] |  +- mysql:mysql-connector-java:jar:5.1.13:runtime
[INFO] |  +- net.sf.ehcache:ehcache-core:jar:2.0.0:runtime
[INFO] |  +- net.sf.ezmorph:ezmorph:jar:1.0.3:runtime
[INFO] |  +- net.sf.jsr107cache:jsr107cache:jar:1.0:runtime
[INFO] |  +- net.sf.oval:oval:jar:1.50:runtime
[INFO] |  +- net.sourceforge.jregex:jregex:jar:1.2_01:runtime
[INFO] |  +- oauth.signpost:signpost-core:jar:1.2:runtime
[INFO] |  +- org.apache.ivy:ivy:jar:2.2.0:runtime
[INFO] |  +- org.bouncycastle:bcprov-jdk15:jar:1.45:runtime
[INFO] |  +- org.codehaus.groovy:groovy-all:jar:1.7.10:runtime
[INFO] |  +- org.hibernate:hibernate-entitymanager:jar:3.6.0.Final:runtime
[INFO] |  +- org.hibernate.javax.persistence:hibernate-jpa-2.0-api:jar:1.0.0.Final:runtime
[INFO] |  +- org.jboss.netty:netty:jar:3.2.5.Final:runtime
[INFO] |  +- org.slf4j:slf4j-api:jar:1.6.1:runtime
[INFO] |  +- org.slf4j:slf4j-log4j12:jar:1.6.1:runtime
[INFO] |  +- org.yaml:snakeyaml:jar:1.7:runtime
[INFO] |  +- spy:spymemcached:jar:2.6:runtime
[INFO] |  +- com.google.code.maven-play-plugin.com.jamonapi:jamon:jar:2.7:runtime
[INFO] |  +- com.google.code.maven-play-plugin.org.apache.commons:commons-javaflow:jar:1066591:runtime
[INFO] |  +- com.google.code.maven-play-plugin.org.eclipse.jdt:org.eclipse.jdt.core:jar:3.8.0.v_C03:runtime
[INFO] |  +- com.google.code.maven-play-plugin.org.hibernate:hibernate-core:jar:3.6.1.Final-patched-play-1.2:runtime
[INFO] |  |  +- antlr:antlr:jar:2.7.6:runtime
[INFO] |  |  +- org.hibernate:hibernate-commons-annotations:jar:3.2.0.Final:runtime
[INFO] |  |  \- javax.transaction:jta:jar:1.1:runtime
[INFO] |  +- com.google.code.maven-play-plugin.org.playframework:jj-imaging:jar:1.1:runtime
[INFO] |  +- com.google.code.maven-play-plugin.org.playframework:jj-simplecaptcha:jar:1.1:runtime
[INFO] |  +- com.google.code.maven-play-plugin.org.playframework:jj-textile:jar:1.1:runtime
[INFO] |  +- com.google.code.maven-play-plugin.org.playframework:jj-wikitext:jar:1.1:runtime
[INFO] |  \- com.google.code.maven-play-plugin.postgresql:postgresql:jar:9.0-801.jdbc4-patched-play-1.2.3:runtime
[INFO] +- com.google.code.maven-play-plugin.org.playframework.modules.japid:play-japid:jar:0.9.3.4:compile
[INFO] |  \- com.google.code.maven-play-plugin.com.github.branaway.japid:japid:jar:0.9.3.4:compile
[INFO] +- org.apache.maven:maven-plugin-api:jar:2.2.1:compile
[INFO] \- org.apache.maven:maven-project:jar:2.2.1:compile
[INFO]    +- org.apache.maven:maven-settings:jar:2.2.1:compile
[INFO]    +- org.apache.maven:maven-profile:jar:2.2.1:compile
[INFO]    +- org.apache.maven:maven-model:jar:2.2.1:compile
[INFO]    +- org.apache.maven:maven-artifact-manager:jar:2.2.1:compile
[INFO]    |  +- org.apache.maven:maven-repository-metadata:jar:2.2.1:compile
[INFO]    |  +- org.apache.maven.wagon:wagon-provider-api:jar:1.0-beta-6:compile
[INFO]    |  \- backport-util-concurrent:backport-util-concurrent:jar:3.1:compile
[INFO]    +- org.apache.maven:maven-plugin-registry:jar:2.2.1:compile
[INFO]    +- org.codehaus.plexus:plexus-interpolation:jar:1.11:compile
[INFO]    +- org.codehaus.plexus:plexus-utils:jar:1.5.15:compile
[INFO]    +- org.apache.maven:maven-artifact:jar:2.2.1:compile
[INFO]    \- org.codehaus.plexus:plexus-container-default:jar:1.0-alpha-9-stable-1:compile
[INFO]       +- junit:junit:jar:3.8.1:compile
[INFO]       \- classworlds:classworlds:jar:1.1-alpha-2:compile
[INFO] ------------------------------------------------------------------------
[INFO] BUILD SUCCESSFUL
[INFO] ------------------------------------------------------------------------
[INFO] Total time: 4 seconds
[INFO] Finished at: Wed May 16 09:55:34 CEST 2012
[INFO] Final Memory: 27M/65M
[INFO] ------------------------------------------------------------------------
