[INFO] Scanning for projects...
[INFO] Searching repository for plugin with prefix: 'dependency'.
[INFO] ------------------------------------------------------------------------
[INFO] Building Maven Plugin for Play! Framework Japid Module
[INFO]    task-segment: [dependency:tree]
[INFO] ------------------------------------------------------------------------
[INFO] [dependency:tree {execution: default-cli}]
[INFO] com.google.code.maven-play-plugin:play-japid-maven-plugin:maven-plugin:0.9.3.4-SNAPSHOT
[INFO] +- com.google.code.maven-play-plugin.org.playframework:play:jar:1.2.4:runtime
[INFO] +- com.google.code.maven-play-plugin.org.playframework.modules.japid:play-japid:jar:0.9.3.4:compile
[INFO] |  \- com.google.code.maven-play-plugin.com.github.branaway.japid:japid:jar:0.9.3.4:compile
[INFO] +- org.apache.maven:maven-plugin-api:jar:2.2.1:compile
[INFO] \- org.apache.maven:maven-project:jar:2.2.1:compile
[INFO]    +- org.apache.maven:maven-settings:jar:2.2.1:compile
[INFO]    +- org.apache.maven:maven-profile:jar:2.2.1:compile
[INFO]    +- org.apache.maven:maven-model:jar:2.2.1:compile
[INFO]    +- org.apache.maven:maven-artifact-manager:jar:2.2.1:compile
[INFO]    |  +- org.apache.maven:maven-repository-metadata:jar:2.2.1:compile
[INFO]    |  +- org.apache.maven.wagon:wagon-provider-api:jar:1.0-beta-6:compile
[INFO]    |  \- backport-util-concurrent:backport-util-concurrent:jar:3.1:compile
[INFO]    +- org.apache.maven:maven-plugin-registry:jar:2.2.1:compile
[INFO]    +- org.codehaus.plexus:plexus-interpolation:jar:1.11:compile
[INFO]    +- org.codehaus.plexus:plexus-utils:jar:1.5.15:compile
[INFO]    +- org.apache.maven:maven-artifact:jar:2.2.1:compile
[INFO]    \- org.codehaus.plexus:plexus-container-default:jar:1.0-alpha-9-stable-1:compile
[INFO]       +- junit:junit:jar:3.8.1:compile
[INFO]       \- classworlds:classworlds:jar:1.1-alpha-2:compile
[INFO] ------------------------------------------------------------------------
[INFO] BUILD SUCCESSFUL
[INFO] ------------------------------------------------------------------------
[INFO] Total time: 4 seconds
[INFO] Finished at: Wed May 16 10:10:12 CEST 2012
[INFO] Final Memory: 21M/51M
[INFO] ------------------------------------------------------------------------
